2025-11-07 22:05:57 | INFO     | __main__:main:346 -  Використовуємо сесію: bybit_strategy_session
2025-11-07 22:05:57 | INFO     | __main__:main:363 -  Слухаємо канали: [-1003193138774, -1002990245762]
2025-11-07 22:05:59 | INFO     | __main__:monitor_bybit_positions:85 - Запуск мониторинга позиций Bybit для ручных сделок
2025-11-07 22:06:00 | DEBUG    | trading.signal_handler:_get_session:212 - SignalHandler session created
2025-11-07 22:06:00 | INFO     | trading.signal_handler:_init_db:98 - Подключение к базе данных установлено
2025-11-07 22:06:02 | DEBUG    | trading.risk_manager:sync_time:34 - Time offset updated: -1895
2025-11-07 22:06:04 | INFO     | __main__:main:385 -  Підключено до каналів: [-1003193138774, -1002990245762]
2025-11-07 22:06:04 | INFO     | __main__:get_last_message_from_channel:67 - Последнее сообщение из -1003193138774: Монета: PYTHUSDT, Направление: SHORT, Цена: 0,1177
2025-11-07 22:06:04 | INFO     | __main__:get_last_message_from_channel:67 - Последнее сообщение из -1002990245762: Монета: MINAUSDT, Направление: SHORT, Цена: 0,1951
2025-11-07 22:06:04 | INFO     | trading.signal_handler:start_external_trade_monitor:1149 - External trade monitor started
2025-11-07 22:06:04 | INFO     | __main__:main:806 - Бот для настроек запущен
2025-11-07 22:06:04 | DEBUG    | trading.signal_handler:_get_pybit_session:1186 - PyBit session created successfully (recv_window=20000)
2025-11-07 22:06:08 | WARNING  | trading.signal_handler:_check_positions_via_pybit:1210 - PyBit network error, recreating session: Retryable error occurred, retrying...
2025-11-07 22:06:18 | INFO     | __main__:signal_handler:910 - Отримано сигнал 2, зупинка...
2025-11-07 22:06:18 | INFO     | __main__:monitor_bybit_positions:320 - monitor_bybit_positions cancelled
2025-11-07 22:06:18 | INFO     | __main__:monitor_bybit_positions:322 - monitor_bybit_positions завершено
2025-11-07 22:06:18 | DEBUG    | trading.signal_handler:_external_trade_monitor_loop:1523 - External trade monitor loop отменен
2025-11-07 22:06:18 | DEBUG    | trading.signal_handler:_external_trade_monitor_loop:1526 - External trade monitor loop завершен
2025-11-07 22:06:18 | INFO     | __main__:main:813 - Клиент Telegram отменен, graceful shutdown...
2025-11-07 22:06:18 | INFO     | __main__:main:818 - Начинается graceful shutdown...
2025-11-07 22:06:18 | INFO     | __main__:main:825 - Закрытие SignalHandler...
2025-11-07 22:06:18 | INFO     | __main__:main:832 - Закрытие TakeProfit...
2025-11-07 22:06:18 | INFO     | telegram_bot:start_bot:869 - Aiogram polling cancelled
2025-11-07 22:06:18 | INFO     | telegram_bot:start_bot:881 -  Aiogram bot stopped
2025-11-07 22:06:50 | INFO     | __main__:main:346 -  Використовуємо сесію: bybit_strategy_session
2025-11-07 22:06:50 | INFO     | __main__:main:363 -  Слухаємо канали: [-1003193138774, -1002990245762]
2025-11-07 22:06:52 | INFO     | __main__:monitor_bybit_positions:85 - Запуск мониторинга позиций Bybit для ручных сделок
2025-11-07 22:06:53 | DEBUG    | trading.signal_handler:_get_session:212 - SignalHandler session created
2025-11-07 22:06:53 | INFO     | trading.signal_handler:_init_db:98 - Подключение к базе данных установлено
2025-11-07 22:06:55 | DEBUG    | trading.risk_manager:sync_time:34 - Time offset updated: -99
2025-11-07 22:06:57 | INFO     | __main__:main:385 -  Підключено до каналів: [-1003193138774, -1002990245762]
2025-11-07 22:06:57 | INFO     | __main__:get_last_message_from_channel:67 - Последнее сообщение из -1003193138774: Монета: PYTHUSDT, Направление: SHORT, Цена: 0,1177
2025-11-07 22:06:57 | INFO     | __main__:get_last_message_from_channel:67 - Последнее сообщение из -1002990245762: Монета: MINAUSDT, Направление: SHORT, Цена: 0,1951
2025-11-07 22:06:57 | INFO     | trading.signal_handler:start_external_trade_monitor:1149 - External trade monitor started
2025-11-07 22:06:57 | INFO     | __main__:main:806 - Бот для настроек запущен
2025-11-07 22:06:57 | DEBUG    | trading.signal_handler:_get_pybit_session:1186 - PyBit session created successfully (recv_window=20000)
2025-11-07 22:09:57 | INFO     | __main__:handler_event:398 - 📥 Получено сообщение 956 из целевого канала
2025-11-07 22:09:57 | INFO     | __main__:handler_event:522 -  Ціна з каналу: 5.604
2025-11-07 22:09:57 | INFO     | __main__:handler_event:532 -  Валидный сигнал: ORDIUSDT @ 5.604 (short)
2025-11-07 22:09:57 | INFO     | __main__:handler_event:533 - 📍 Точная цена для ордера: 5.604
2025-11-07 22:09:57 | INFO     | __main__:handler_event:534 -  ID каналу: -1003193138774
2025-11-07 22:09:57 | INFO     | trading.strategies:get_strategy_for_channel:174 - Обрано стратегію: Quantum Gravity2 для каналу -1003193138774
2025-11-07 22:09:57 | INFO     | __main__:handler_event:538 -  Стратегия для канала -1003193138774: Quantum Gravity2
2025-11-07 22:09:57 | INFO     | utils.logger:trade_signal:33 - Trade signal received
2025-11-07 22:09:57 | INFO     | utils.logger:signal_from_channel:39 - Signal from channel
2025-11-07 22:09:58 | INFO     | __main__:handler_event:570 -  IGNORE_PINBAR=True: SHORT ордер буде на LOW свічки: 5.28500000
2025-11-07 22:09:59 | INFO     | trading.signal_handler:get_usdt_balance:746 - Баланс USDT:
2025-11-07 22:09:59 | INFO     | trading.signal_handler:get_usdt_balance:747 -    - Кошелек: 713.37 USDT
2025-11-07 22:09:59 | INFO     | trading.signal_handler:get_usdt_balance:748 -    - В ордерах: 0.00 USDT
2025-11-07 22:09:59 | INFO     | trading.signal_handler:get_usdt_balance:749 -    - Доступно: 713.37 USDT
2025-11-07 22:10:01 | INFO     | trading.strategies:get_strategy_for_channel:174 - Обрано стратегію: Quantum Gravity2 для каналу -1003193138774
2025-11-07 22:10:01 | INFO     | trading.signal_handler:place_signal_limit_order:1084 - Стратегия для ORDIUSDT: Quantum Gravity2
2025-11-07 22:10:01 | INFO     | trading.signal_handler:place_signal_limit_order:1085 -    - Канал: -1003193138774
2025-11-07 22:10:01 | INFO     | trading.signal_handler:place_signal_limit_order:1086 -    - Точна цена з каналу: 5.285
2025-11-07 22:10:01 | INFO     | trading.signal_handler:place_signal_limit_order:1087 -    - Направлення: SHORT
2025-11-07 22:10:02 | INFO     | trading.signal_handler:place_signal_limit_order:1098 - Запуск задачі моніторингу для ORDIUSDT використовуючи Quantum Gravity2
2025-11-07 22:10:02 | INFO     | trading.signal_handler:_start_monitor_pinbar_task:1544 - Запуск монітора з стратегією: Quantum Gravity2 (channel: -1003193138774)
2025-11-07 22:10:02 | INFO     | trading.signal_handler:_start_monitor_pinbar_task:1557 - Strategy додана в settings: Quantum Gravity2 (channel: -1003193138774)
2025-11-07 22:10:02 | INFO     | analysis.signals:monitor_and_trade:289 -    - Смещение стоп-лосса: ВЫКЛЮЧЕНО (стоп на экстремуме свечи)
2025-11-07 22:10:02 | INFO     | analysis.signals:monitor_and_trade:309 -  Настройки для ORDIUSDT:
2025-11-07 22:10:02 | INFO     | analysis.signals:monitor_and_trade:310 -    - Целевой уровень: 5.285
2025-11-07 22:10:02 | INFO     | analysis.signals:monitor_and_trade:311 -    - Направление: short
2025-11-07 22:10:02 | INFO     | analysis.signals:monitor_and_trade:312 -    - RSI: период=14, high=70, low=30
2025-11-07 22:10:02 | INFO     | analysis.signals:monitor_and_trade:313 -    - Таймфрейм: 1m (API: 1)
2025-11-07 22:10:02 | INFO     | analysis.signals:monitor_and_trade:314 -    - Pinbar body ratio: 2.5
2025-11-07 22:10:02 | INFO     | analysis.signals:monitor_and_trade:315 -    - Таймаут пинбара: 10м
2025-11-07 22:10:02 | INFO     | analysis.signals:monitor_and_trade:316 -    - Таймаут уровня: 5м
2025-11-07 22:10:02 | INFO     | analysis.signals:monitor_and_trade:317 -    - IGNORE_PINBAR: True
2025-11-07 22:10:05 | INFO     | analysis.signals:monitor_and_trade:339 -  Стратегія отримана з settings: Quantum Gravity2
2025-11-07 22:10:05 | INFO     | analysis.signals:monitor_and_trade:346 -  Стратегия: Quantum Gravity2
2025-11-07 22:10:05 | INFO     | analysis.signals:monitor_and_trade:347 -    - ID каналу: -1003193138774
2025-11-07 22:10:05 | INFO     | analysis.signals:monitor_and_trade:348 -    - Направление сигнала з каналу: short
2025-11-07 22:10:05 | INFO     | analysis.signals:monitor_and_trade:349 -    - Направление трейда (після стратегії): long
2025-11-07 22:10:05 | INFO     | analysis.signals:monitor_and_trade:350 -    - Ожидание уровня: False
2025-11-07 22:10:05 | INFO     | analysis.signals:monitor_and_trade:351 -    - Требуется откат: True
2025-11-07 22:10:05 | INFO     | analysis.signals:monitor_and_trade:352 -    - Зона поиска: {'search_after_consolidation': True, 'wait_for_rsi': True, 'rsi_condition': 'oversold', 'rsi_threshold': 'low', 'trade_direction': 'long', 'entry_on': 'high', 'stop_on': 'low', 'invalidate_on': 'low'}
2025-11-07 22:10:05 | INFO     | analysis.signals:monitor_and_trade:354 - 📍 ЛОГІКА СТРАТЕГІЇ:
2025-11-07 22:10:05 | INFO     | analysis.signals:monitor_and_trade:366 -    ═══ СТРАТЕГІЯ 2: QUANTUM GRAVITY2 ═══
2025-11-07 22:10:05 | INFO     | analysis.signals:monitor_and_trade:367 -    📌 Торгівля з RSI екстремумами
2025-11-07 22:10:05 | INFO     | analysis.signals:monitor_and_trade:374 -    📊 Сигнал: SHORT (опір)
2025-11-07 22:10:05 | INFO     | analysis.signals:monitor_and_trade:375 -    ✓ Чекаємо RSI ПЕРЕПРОДАНОСТІ (RSI <= 30)
2025-11-07 22:10:05 | INFO     | analysis.signals:monitor_and_trade:376 -    ✓ Відкриваємо LONG позицію на HIGH свічки
2025-11-07 22:10:05 | INFO     | analysis.signals:monitor_and_trade:377 -    🔄 Напрямок: SHORT сигнал → LONG угода
2025-11-07 22:10:05 | INFO     | analysis.signals:monitor_and_trade:382 -    - Таймаут лимитного ордера: 3м
2025-11-07 22:10:05 | INFO     | trading.signal_handler:place_signal_limit_order:1109 - Завдання моніторингу запущено з Quantum Gravity2
2025-11-07 22:10:05 | INFO     | __main__:handler_event:641 - 🛰 Запущен мониторинг уровня для ORDIUSDT — стратегия: Quantum Gravity2
2025-11-07 22:10:05 | DEBUG    | trading.signal_handler:start_external_trade_monitor:1145 - External trade monitor already running
2025-11-07 22:10:08 | DEBUG    | trading.signal_handler:_get_session:212 - SignalHandler session created
2025-11-07 22:10:08 | INFO     | analysis.signals:monitor_and_trade:403 -  Стартова ціна для ORDIUSDT: 5.40900000
2025-11-07 22:10:08 | INFO     | analysis.signals:monitor_and_trade:404 -  Цільовий рівень: 5.28500000
2025-11-07 22:10:08 | INFO     | analysis.signals:monitor_and_trade:405 - 📍 Відстань до цілі: 0.12400000
2025-11-07 22:10:13 | DEBUG    | trading.signal_handler:_get_session:212 - SignalHandler session created
2025-11-07 22:10:14 | DEBUG    | trading.signal_handler:close:231 - TakeProfit helper closed
2025-11-07 22:10:14 | INFO     | analysis.signals:monitor_and_trade:494 - ⏳ GRAVITY2: Чекаємо перепроданості для LONG
2025-11-07 22:10:14 | INFO     | analysis.signals:monitor_and_trade:495 -    RSI: 88.27 / 30 (потрібно <= 30)
2025-11-07 22:10:20 | DEBUG    | trading.signal_handler:_get_session:212 - SignalHandler session created
2025-11-07 22:10:20 | DEBUG    | trading.signal_handler:close:231 - TakeProfit helper closed
2025-11-07 22:10:20 | INFO     | analysis.signals:monitor_and_trade:494 - ⏳ GRAVITY2: Чекаємо перепроданості для LONG
2025-11-07 22:10:20 | INFO     | analysis.signals:monitor_and_trade:495 -    RSI: 87.90 / 30 (потрібно <= 30)
2025-11-07 22:10:28 | DEBUG    | trading.signal_handler:_get_session:212 - SignalHandler session created
2025-11-07 22:10:28 | DEBUG    | trading.signal_handler:close:231 - TakeProfit helper closed
2025-11-07 22:10:29 | INFO     | analysis.signals:monitor_and_trade:494 - ⏳ GRAVITY2: Чекаємо перепроданості для LONG
2025-11-07 22:10:29 | INFO     | analysis.signals:monitor_and_trade:495 -    RSI: 86.82 / 30 (потрібно <= 30)
2025-11-07 22:10:34 | DEBUG    | trading.signal_handler:_get_session:212 - SignalHandler session created
2025-11-07 22:10:34 | DEBUG    | trading.signal_handler:close:231 - TakeProfit helper closed
2025-11-07 22:10:34 | INFO     | analysis.signals:monitor_and_trade:494 - ⏳ GRAVITY2: Чекаємо перепроданості для LONG
2025-11-07 22:10:34 | INFO     | analysis.signals:monitor_and_trade:495 -    RSI: 86.08 / 30 (потрібно <= 30)
2025-11-07 22:10:38 | DEBUG    | trading.signal_handler:_get_session:212 - SignalHandler session created
2025-11-07 22:10:39 | DEBUG    | trading.signal_handler:close:231 - TakeProfit helper closed
2025-11-07 22:10:39 | INFO     | analysis.signals:monitor_and_trade:494 - ⏳ GRAVITY2: Чекаємо перепроданості для LONG
2025-11-07 22:10:39 | INFO     | analysis.signals:monitor_and_trade:495 -    RSI: 85.73 / 30 (потрібно <= 30)
2025-11-07 22:10:41 | INFO     | analysis.signals:monitor_and_trade:494 - ⏳ GRAVITY2: Чекаємо перепроданості для LONG
2025-11-07 22:10:41 | INFO     | analysis.signals:monitor_and_trade:495 -    RSI: 85.73 / 30 (потрібно <= 30)
2025-11-07 22:10:45 | DEBUG    | trading.signal_handler:_get_session:212 - SignalHandler session created
2025-11-07 22:10:45 | DEBUG    | trading.signal_handler:close:231 - TakeProfit helper closed
2025-11-07 22:10:45 | INFO     | analysis.signals:monitor_and_trade:494 - ⏳ GRAVITY2: Чекаємо перепроданості для LONG
2025-11-07 22:10:45 | INFO     | analysis.signals:monitor_and_trade:495 -    RSI: 85.93 / 30 (потрібно <= 30)
2025-11-07 22:10:47 | INFO     | analysis.signals:monitor_and_trade:494 - ⏳ GRAVITY2: Чекаємо перепроданості для LONG
2025-11-07 22:10:47 | INFO     | analysis.signals:monitor_and_trade:495 -    RSI: 85.93 / 30 (потрібно <= 30)
2025-11-07 22:10:52 | DEBUG    | trading.signal_handler:_get_session:212 - SignalHandler session created
2025-11-07 22:10:52 | DEBUG    | trading.signal_handler:close:231 - TakeProfit helper closed
2025-11-07 22:10:52 | INFO     | analysis.signals:monitor_and_trade:494 - ⏳ GRAVITY2: Чекаємо перепроданості для LONG
2025-11-07 22:10:52 | INFO     | analysis.signals:monitor_and_trade:495 -    RSI: 85.87 / 30 (потрібно <= 30)
2025-11-07 22:10:57 | DEBUG    | trading.signal_handler:_get_session:212 - SignalHandler session created
2025-11-07 22:10:57 | DEBUG    | trading.signal_handler:close:231 - TakeProfit helper closed
2025-11-07 22:10:57 | INFO     | analysis.signals:monitor_and_trade:494 - ⏳ GRAVITY2: Чекаємо перепроданості для LONG
2025-11-07 22:10:57 | INFO     | analysis.signals:monitor_and_trade:495 -    RSI: 86.13 / 30 (потрібно <= 30)
2025-11-07 22:11:02 | DEBUG    | trading.signal_handler:_get_session:212 - SignalHandler session created
2025-11-07 22:11:03 | DEBUG    | trading.signal_handler:close:231 - TakeProfit helper closed
2025-11-07 22:11:03 | INFO     | analysis.signals:monitor_and_trade:494 - ⏳ GRAVITY2: Чекаємо перепроданості для LONG
2025-11-07 22:11:03 | INFO     | analysis.signals:monitor_and_trade:495 -    RSI: 85.79 / 30 (потрібно <= 30)
2025-11-07 22:11:08 | DEBUG    | trading.signal_handler:_get_session:212 - SignalHandler session created
2025-11-07 22:11:09 | DEBUG    | trading.signal_handler:close:231 - TakeProfit helper closed
2025-11-07 22:11:09 | INFO     | analysis.signals:monitor_and_trade:494 - ⏳ GRAVITY2: Чекаємо перепроданості для LONG
2025-11-07 22:11:09 | INFO     | analysis.signals:monitor_and_trade:495 -    RSI: 86.04 / 30 (потрібно <= 30)
2025-11-07 22:11:13 | DEBUG    | trading.signal_handler:_get_session:212 - SignalHandler session created
2025-11-07 22:11:14 | DEBUG    | trading.signal_handler:close:231 - TakeProfit helper closed
2025-11-07 22:11:14 | INFO     | analysis.signals:monitor_and_trade:494 - ⏳ GRAVITY2: Чекаємо перепроданості для LONG
2025-11-07 22:11:14 | INFO     | analysis.signals:monitor_and_trade:495 -    RSI: 86.39 / 30 (потрібно <= 30)
2025-11-07 22:11:18 | DEBUG    | trading.signal_handler:_get_session:212 - SignalHandler session created
2025-11-07 22:11:18 | DEBUG    | trading.signal_handler:close:231 - TakeProfit helper closed
2025-11-07 22:11:19 | INFO     | analysis.signals:monitor_and_trade:494 - ⏳ GRAVITY2: Чекаємо перепроданості для LONG
2025-11-07 22:11:19 | INFO     | analysis.signals:monitor_and_trade:495 -    RSI: 86.57 / 30 (потрібно <= 30)
2025-11-07 22:11:20 | INFO     | analysis.signals:monitor_and_trade:494 - ⏳ GRAVITY2: Чекаємо перепроданості для LONG
2025-11-07 22:11:20 | INFO     | analysis.signals:monitor_and_trade:495 -    RSI: 86.57 / 30 (потрібно <= 30)
2025-11-07 22:11:24 | DEBUG    | trading.signal_handler:_get_session:212 - SignalHandler session created
2025-11-07 22:11:24 | DEBUG    | trading.signal_handler:close:231 - TakeProfit helper closed
2025-11-07 22:11:25 | INFO     | analysis.signals:monitor_and_trade:494 - ⏳ GRAVITY2: Чекаємо перепроданості для LONG
2025-11-07 22:11:25 | INFO     | analysis.signals:monitor_and_trade:495 -    RSI: 86.52 / 30 (потрібно <= 30)
2025-11-07 22:11:26 | INFO     | analysis.signals:monitor_and_trade:494 - ⏳ GRAVITY2: Чекаємо перепроданості для LONG
2025-11-07 22:11:26 | INFO     | analysis.signals:monitor_and_trade:495 -    RSI: 86.52 / 30 (потрібно <= 30)
2025-11-07 22:11:30 | DEBUG    | trading.signal_handler:_get_session:212 - SignalHandler session created
2025-11-07 22:11:31 | DEBUG    | trading.signal_handler:close:231 - TakeProfit helper closed
2025-11-07 22:11:31 | INFO     | analysis.signals:monitor_and_trade:494 - ⏳ GRAVITY2: Чекаємо перепроданості для LONG
2025-11-07 22:11:31 | INFO     | analysis.signals:monitor_and_trade:495 -    RSI: 86.68 / 30 (потрібно <= 30)
2025-11-07 22:11:33 | INFO     | analysis.signals:monitor_and_trade:494 - ⏳ GRAVITY2: Чекаємо перепроданості для LONG
2025-11-07 22:11:33 | INFO     | analysis.signals:monitor_and_trade:495 -    RSI: 86.68 / 30 (потрібно <= 30)
2025-11-07 22:11:36 | DEBUG    | trading.signal_handler:_get_session:212 - SignalHandler session created
2025-11-07 22:11:37 | DEBUG    | trading.signal_handler:close:231 - TakeProfit helper closed
2025-11-07 22:11:37 | INFO     | analysis.signals:monitor_and_trade:494 - ⏳ GRAVITY2: Чекаємо перепроданості для LONG
2025-11-07 22:11:37 | INFO     | analysis.signals:monitor_and_trade:495 -    RSI: 87.06 / 30 (потрібно <= 30)
2025-11-07 22:11:39 | INFO     | analysis.signals:monitor_and_trade:494 - ⏳ GRAVITY2: Чекаємо перепроданості для LONG
2025-11-07 22:11:39 | INFO     | analysis.signals:monitor_and_trade:495 -    RSI: 87.06 / 30 (потрібно <= 30)
2025-11-07 22:11:42 | DEBUG    | trading.signal_handler:_get_session:212 - SignalHandler session created
2025-11-07 22:11:43 | DEBUG    | trading.signal_handler:close:231 - TakeProfit helper closed
2025-11-07 22:11:43 | INFO     | analysis.signals:monitor_and_trade:494 - ⏳ GRAVITY2: Чекаємо перепроданості для LONG
2025-11-07 22:11:43 | INFO     | analysis.signals:monitor_and_trade:495 -    RSI: 87.29 / 30 (потрібно <= 30)
2025-11-07 22:11:44 | INFO     | analysis.signals:monitor_and_trade:494 - ⏳ GRAVITY2: Чекаємо перепроданості для LONG
2025-11-07 22:11:44 | INFO     | analysis.signals:monitor_and_trade:495 -    RSI: 87.29 / 30 (потрібно <= 30)
2025-11-07 22:11:48 | DEBUG    | trading.signal_handler:_get_session:212 - SignalHandler session created
2025-11-07 22:11:48 | DEBUG    | trading.signal_handler:close:231 - TakeProfit helper closed
2025-11-07 22:11:49 | INFO     | analysis.signals:monitor_and_trade:494 - ⏳ GRAVITY2: Чекаємо перепроданості для LONG
2025-11-07 22:11:49 | INFO     | analysis.signals:monitor_and_trade:495 -    RSI: 87.01 / 30 (потрібно <= 30)
2025-11-07 22:11:51 | INFO     | analysis.signals:monitor_and_trade:494 - ⏳ GRAVITY2: Чекаємо перепроданості для LONG
2025-11-07 22:11:51 | INFO     | analysis.signals:monitor_and_trade:495 -    RSI: 87.01 / 30 (потрібно <= 30)
2025-11-07 22:11:54 | DEBUG    | trading.signal_handler:_get_session:212 - SignalHandler session created
2025-11-07 22:11:55 | DEBUG    | trading.signal_handler:close:231 - TakeProfit helper closed
2025-11-07 22:11:55 | INFO     | analysis.signals:monitor_and_trade:494 - ⏳ GRAVITY2: Чекаємо перепроданості для LONG
2025-11-07 22:11:55 | INFO     | analysis.signals:monitor_and_trade:495 -    RSI: 87.34 / 30 (потрібно <= 30)
2025-11-07 22:11:57 | INFO     | analysis.signals:monitor_and_trade:494 - ⏳ GRAVITY2: Чекаємо перепроданості для LONG
2025-11-07 22:11:57 | INFO     | analysis.signals:monitor_and_trade:495 -    RSI: 87.34 / 30 (потрібно <= 30)
2025-11-07 22:12:01 | DEBUG    | trading.signal_handler:_get_session:212 - SignalHandler session created
2025-11-07 22:12:01 | DEBUG    | trading.signal_handler:close:231 - TakeProfit helper closed
2025-11-07 22:12:01 | INFO     | analysis.signals:monitor_and_trade:494 - ⏳ GRAVITY2: Чекаємо перепроданості для LONG
2025-11-07 22:12:01 | INFO     | analysis.signals:monitor_and_trade:495 -    RSI: 87.35 / 30 (потрібно <= 30)
2025-11-07 22:12:03 | INFO     | analysis.signals:monitor_and_trade:494 - ⏳ GRAVITY2: Чекаємо перепроданості для LONG
2025-11-07 22:12:03 | INFO     | analysis.signals:monitor_and_trade:495 -    RSI: 87.35 / 30 (потрібно <= 30)
2025-11-07 22:12:06 | DEBUG    | trading.signal_handler:_get_session:212 - SignalHandler session created
2025-11-07 22:12:06 | DEBUG    | trading.signal_handler:close:231 - TakeProfit helper closed
2025-11-07 22:12:07 | INFO     | analysis.signals:monitor_and_trade:494 - ⏳ GRAVITY2: Чекаємо перепроданості для LONG
2025-11-07 22:12:07 | INFO     | analysis.signals:monitor_and_trade:495 -    RSI: 88.82 / 30 (потрібно <= 30)
2025-11-07 22:12:08 | INFO     | analysis.signals:monitor_and_trade:494 - ⏳ GRAVITY2: Чекаємо перепроданості для LONG
2025-11-07 22:12:08 | INFO     | analysis.signals:monitor_and_trade:495 -    RSI: 88.82 / 30 (потрібно <= 30)
2025-11-07 22:12:13 | DEBUG    | trading.signal_handler:_get_session:212 - SignalHandler session created
2025-11-07 22:12:13 | DEBUG    | trading.signal_handler:close:231 - TakeProfit helper closed
2025-11-07 22:12:13 | INFO     | analysis.signals:monitor_and_trade:494 - ⏳ GRAVITY2: Чекаємо перепроданості для LONG
2025-11-07 22:12:13 | INFO     | analysis.signals:monitor_and_trade:495 -    RSI: 88.85 / 30 (потрібно <= 30)
2025-11-07 22:12:17 | DEBUG    | trading.signal_handler:_get_session:212 - SignalHandler session created
2025-11-07 22:12:17 | DEBUG    | trading.signal_handler:close:231 - TakeProfit helper closed
2025-11-07 22:12:18 | INFO     | analysis.signals:monitor_and_trade:494 - ⏳ GRAVITY2: Чекаємо перепроданості для LONG
2025-11-07 22:12:18 | INFO     | analysis.signals:monitor_and_trade:495 -    RSI: 88.66 / 30 (потрібно <= 30)
2025-11-07 22:12:19 | INFO     | analysis.signals:monitor_and_trade:494 - ⏳ GRAVITY2: Чекаємо перепроданості для LONG
2025-11-07 22:12:19 | INFO     | analysis.signals:monitor_and_trade:495 -    RSI: 88.66 / 30 (потрібно <= 30)
2025-11-07 22:12:23 | DEBUG    | trading.signal_handler:_get_session:212 - SignalHandler session created
2025-11-07 22:12:23 | DEBUG    | trading.signal_handler:close:231 - TakeProfit helper closed
2025-11-07 22:12:24 | INFO     | analysis.signals:monitor_and_trade:494 - ⏳ GRAVITY2: Чекаємо перепроданості для LONG
2025-11-07 22:12:24 | INFO     | analysis.signals:monitor_and_trade:495 -    RSI: 88.69 / 30 (потрібно <= 30)
2025-11-07 22:12:25 | INFO     | analysis.signals:monitor_and_trade:494 - ⏳ GRAVITY2: Чекаємо перепроданості для LONG
2025-11-07 22:12:25 | INFO     | analysis.signals:monitor_and_trade:495 -    RSI: 88.69 / 30 (потрібно <= 30)
2025-11-07 22:12:28 | DEBUG    | trading.signal_handler:_get_session:212 - SignalHandler session created
2025-11-07 22:12:29 | DEBUG    | trading.signal_handler:close:231 - TakeProfit helper closed
2025-11-07 22:12:29 | INFO     | analysis.signals:monitor_and_trade:494 - ⏳ GRAVITY2: Чекаємо перепроданості для LONG
2025-11-07 22:12:29 | INFO     | analysis.signals:monitor_and_trade:495 -    RSI: 88.79 / 30 (потрібно <= 30)
2025-11-07 22:12:30 | INFO     | analysis.signals:monitor_and_trade:494 - ⏳ GRAVITY2: Чекаємо перепроданості для LONG
2025-11-07 22:12:30 | INFO     | analysis.signals:monitor_and_trade:495 -    RSI: 88.79 / 30 (потрібно <= 30)
2025-11-07 22:12:34 | DEBUG    | trading.signal_handler:_get_session:212 - SignalHandler session created
2025-11-07 22:12:34 | DEBUG    | trading.signal_handler:close:231 - TakeProfit helper closed
2025-11-07 22:12:35 | INFO     | analysis.signals:monitor_and_trade:494 - ⏳ GRAVITY2: Чекаємо перепроданості для LONG
2025-11-07 22:12:35 | INFO     | analysis.signals:monitor_and_trade:495 -    RSI: 89.33 / 30 (потрібно <= 30)
2025-11-07 22:12:36 | INFO     | analysis.signals:monitor_and_trade:494 - ⏳ GRAVITY2: Чекаємо перепроданості для LONG
2025-11-07 22:12:36 | INFO     | analysis.signals:monitor_and_trade:495 -    RSI: 89.33 / 30 (потрібно <= 30)
2025-11-07 22:12:40 | DEBUG    | trading.signal_handler:_get_session:212 - SignalHandler session created
2025-11-07 22:12:41 | DEBUG    | trading.signal_handler:close:231 - TakeProfit helper closed
2025-11-07 22:12:41 | INFO     | analysis.signals:monitor_and_trade:494 - ⏳ GRAVITY2: Чекаємо перепроданості для LONG
2025-11-07 22:12:41 | INFO     | analysis.signals:monitor_and_trade:495 -    RSI: 89.17 / 30 (потрібно <= 30)
2025-11-07 22:12:42 | INFO     | analysis.signals:monitor_and_trade:494 - ⏳ GRAVITY2: Чекаємо перепроданості для LONG
2025-11-07 22:12:42 | INFO     | analysis.signals:monitor_and_trade:495 -    RSI: 89.17 / 30 (потрібно <= 30)
2025-11-07 22:12:47 | DEBUG    | trading.signal_handler:_get_session:212 - SignalHandler session created
2025-11-07 22:12:48 | DEBUG    | trading.signal_handler:close:231 - TakeProfit helper closed
2025-11-07 22:12:48 | INFO     | analysis.signals:monitor_and_trade:494 - ⏳ GRAVITY2: Чекаємо перепроданості для LONG
2025-11-07 22:12:48 | INFO     | analysis.signals:monitor_and_trade:495 -    RSI: 89.08 / 30 (потрібно <= 30)
2025-11-07 22:12:53 | DEBUG    | trading.signal_handler:_get_session:212 - SignalHandler session created
2025-11-07 22:12:53 | DEBUG    | trading.signal_handler:close:231 - TakeProfit helper closed
2025-11-07 22:12:54 | INFO     | analysis.signals:monitor_and_trade:494 - ⏳ GRAVITY2: Чекаємо перепроданості для LONG
2025-11-07 22:12:54 | INFO     | analysis.signals:monitor_and_trade:495 -    RSI: 89.13 / 30 (потрібно <= 30)
2025-11-07 22:12:58 | DEBUG    | trading.signal_handler:_get_session:212 - SignalHandler session created
2025-11-07 22:12:58 | DEBUG    | trading.signal_handler:close:231 - TakeProfit helper closed
2025-11-07 22:12:58 | INFO     | analysis.signals:monitor_and_trade:494 - ⏳ GRAVITY2: Чекаємо перепроданості для LONG
2025-11-07 22:12:58 | INFO     | analysis.signals:monitor_and_trade:495 -    RSI: 89.25 / 30 (потрібно <= 30)
2025-11-07 22:13:00 | INFO     | analysis.signals:monitor_and_trade:494 - ⏳ GRAVITY2: Чекаємо перепроданості для LONG
2025-11-07 22:13:00 | INFO     | analysis.signals:monitor_and_trade:495 -    RSI: 89.25 / 30 (потрібно <= 30)
2025-11-07 22:13:04 | DEBUG    | trading.signal_handler:_get_session:212 - SignalHandler session created
2025-11-07 22:13:04 | DEBUG    | trading.signal_handler:close:231 - TakeProfit helper closed
2025-11-07 22:13:05 | INFO     | analysis.signals:monitor_and_trade:494 - ⏳ GRAVITY2: Чекаємо перепроданості для LONG
2025-11-07 22:13:05 | INFO     | analysis.signals:monitor_and_trade:495 -    RSI: 89.32 / 30 (потрібно <= 30)
2025-11-07 22:13:09 | DEBUG    | trading.signal_handler:_get_session:212 - SignalHandler session created
2025-11-07 22:13:09 | DEBUG    | trading.signal_handler:close:231 - TakeProfit helper closed
2025-11-07 22:13:09 | INFO     | analysis.signals:monitor_and_trade:494 - ⏳ GRAVITY2: Чекаємо перепроданості для LONG
2025-11-07 22:13:09 | INFO     | analysis.signals:monitor_and_trade:495 -    RSI: 89.26 / 30 (потрібно <= 30)
2025-11-07 22:13:11 | INFO     | analysis.signals:monitor_and_trade:494 - ⏳ GRAVITY2: Чекаємо перепроданості для LONG
2025-11-07 22:13:11 | INFO     | analysis.signals:monitor_and_trade:495 -    RSI: 89.26 / 30 (потрібно <= 30)
2025-11-07 22:13:15 | DEBUG    | trading.signal_handler:_get_session:212 - SignalHandler session created
2025-11-07 22:13:15 | DEBUG    | trading.signal_handler:close:231 - TakeProfit helper closed
2025-11-07 22:13:15 | INFO     | analysis.signals:monitor_and_trade:494 - ⏳ GRAVITY2: Чекаємо перепроданості для LONG
2025-11-07 22:13:15 | INFO     | analysis.signals:monitor_and_trade:495 -    RSI: 89.41 / 30 (потрібно <= 30)
2025-11-07 22:13:17 | INFO     | analysis.signals:monitor_and_trade:494 - ⏳ GRAVITY2: Чекаємо перепроданості для LONG
2025-11-07 22:13:17 | INFO     | analysis.signals:monitor_and_trade:495 -    RSI: 89.41 / 30 (потрібно <= 30)
2025-11-07 22:13:22 | DEBUG    | trading.signal_handler:_get_session:212 - SignalHandler session created
2025-11-07 22:13:22 | DEBUG    | trading.signal_handler:close:231 - TakeProfit helper closed
2025-11-07 22:13:22 | INFO     | analysis.signals:monitor_and_trade:494 - ⏳ GRAVITY2: Чекаємо перепроданості для LONG
2025-11-07 22:13:22 | INFO     | analysis.signals:monitor_and_trade:495 -    RSI: 89.80 / 30 (потрібно <= 30)
2025-11-07 22:13:24 | INFO     | analysis.signals:monitor_and_trade:494 - ⏳ GRAVITY2: Чекаємо перепроданості для LONG
2025-11-07 22:13:24 | INFO     | analysis.signals:monitor_and_trade:495 -    RSI: 89.80 / 30 (потрібно <= 30)
2025-11-07 22:13:28 | DEBUG    | trading.signal_handler:_get_session:212 - SignalHandler session created
2025-11-07 22:13:28 | DEBUG    | trading.signal_handler:close:231 - TakeProfit helper closed
2025-11-07 22:13:29 | INFO     | analysis.signals:monitor_and_trade:494 - ⏳ GRAVITY2: Чекаємо перепроданості для LONG
2025-11-07 22:13:29 | INFO     | analysis.signals:monitor_and_trade:495 -    RSI: 89.96 / 30 (потрібно <= 30)
2025-11-07 22:13:30 | INFO     | analysis.signals:monitor_and_trade:494 - ⏳ GRAVITY2: Чекаємо перепроданості для LONG
2025-11-07 22:13:30 | INFO     | analysis.signals:monitor_and_trade:495 -    RSI: 89.96 / 30 (потрібно <= 30)
2025-11-07 22:13:34 | DEBUG    | trading.signal_handler:_get_session:212 - SignalHandler session created
2025-11-07 22:13:35 | DEBUG    | trading.signal_handler:close:231 - TakeProfit helper closed
2025-11-07 22:13:35 | INFO     | analysis.signals:monitor_and_trade:494 - ⏳ GRAVITY2: Чекаємо перепроданості для LONG
2025-11-07 22:13:35 | INFO     | analysis.signals:monitor_and_trade:495 -    RSI: 89.71 / 30 (потрібно <= 30)
2025-11-07 22:13:36 | INFO     | analysis.signals:monitor_and_trade:494 - ⏳ GRAVITY2: Чекаємо перепроданості для LONG
2025-11-07 22:13:36 | INFO     | analysis.signals:monitor_and_trade:495 -    RSI: 89.71 / 30 (потрібно <= 30)
2025-11-07 22:13:40 | DEBUG    | trading.signal_handler:_get_session:212 - SignalHandler session created
2025-11-07 22:13:41 | DEBUG    | trading.signal_handler:close:231 - TakeProfit helper closed
2025-11-07 22:13:41 | INFO     | analysis.signals:monitor_and_trade:494 - ⏳ GRAVITY2: Чекаємо перепроданості для LONG
2025-11-07 22:13:41 | INFO     | analysis.signals:monitor_and_trade:495 -    RSI: 90.21 / 30 (потрібно <= 30)
2025-11-07 22:13:47 | DEBUG    | trading.signal_handler:_get_session:212 - SignalHandler session created
2025-11-07 22:13:47 | DEBUG    | trading.signal_handler:close:231 - TakeProfit helper closed
2025-11-07 22:13:47 | INFO     | analysis.signals:monitor_and_trade:494 - ⏳ GRAVITY2: Чекаємо перепроданості для LONG
2025-11-07 22:13:47 | INFO     | analysis.signals:monitor_and_trade:495 -    RSI: 89.81 / 30 (потрібно <= 30)
2025-11-07 22:13:52 | DEBUG    | trading.signal_handler:_get_session:212 - SignalHandler session created
2025-11-07 22:13:52 | DEBUG    | trading.signal_handler:close:231 - TakeProfit helper closed
2025-11-07 22:13:52 | INFO     | analysis.signals:monitor_and_trade:494 - ⏳ GRAVITY2: Чекаємо перепроданості для LONG
2025-11-07 22:13:52 | INFO     | analysis.signals:monitor_and_trade:495 -    RSI: 89.39 / 30 (потрібно <= 30)
2025-11-07 22:13:54 | INFO     | analysis.signals:monitor_and_trade:494 - ⏳ GRAVITY2: Чекаємо перепроданості для LONG
2025-11-07 22:13:54 | INFO     | analysis.signals:monitor_and_trade:495 -    RSI: 89.39 / 30 (потрібно <= 30)
2025-11-07 22:13:58 | DEBUG    | trading.signal_handler:_get_session:212 - SignalHandler session created
2025-11-07 22:13:59 | DEBUG    | trading.signal_handler:close:231 - TakeProfit helper closed
2025-11-07 22:13:59 | INFO     | analysis.signals:monitor_and_trade:494 - ⏳ GRAVITY2: Чекаємо перепроданості для LONG
2025-11-07 22:13:59 | INFO     | analysis.signals:monitor_and_trade:495 -    RSI: 88.67 / 30 (потрібно <= 30)
2025-11-07 22:14:04 | DEBUG    | trading.signal_handler:_get_session:212 - SignalHandler session created
2025-11-07 22:14:04 | DEBUG    | trading.signal_handler:close:231 - TakeProfit helper closed
2025-11-07 22:14:04 | INFO     | analysis.signals:monitor_and_trade:494 - ⏳ GRAVITY2: Чекаємо перепроданості для LONG
2025-11-07 22:14:04 | INFO     | analysis.signals:monitor_and_trade:495 -    RSI: 87.71 / 30 (потрібно <= 30)
2025-11-07 22:14:09 | DEBUG    | trading.signal_handler:_get_session:212 - SignalHandler session created
2025-11-07 22:14:09 | DEBUG    | trading.signal_handler:close:231 - TakeProfit helper closed
2025-11-07 22:14:09 | INFO     | analysis.signals:monitor_and_trade:494 - ⏳ GRAVITY2: Чекаємо перепроданості для LONG
2025-11-07 22:14:09 | INFO     | analysis.signals:monitor_and_trade:495 -    RSI: 88.12 / 30 (потрібно <= 30)
2025-11-07 22:14:11 | INFO     | analysis.signals:monitor_and_trade:494 - ⏳ GRAVITY2: Чекаємо перепроданості для LONG
2025-11-07 22:14:11 | INFO     | analysis.signals:monitor_and_trade:495 -    RSI: 88.12 / 30 (потрібно <= 30)
2025-11-07 22:14:16 | DEBUG    | trading.signal_handler:_get_session:212 - SignalHandler session created
2025-11-07 22:14:16 | DEBUG    | trading.signal_handler:close:231 - TakeProfit helper closed
2025-11-07 22:14:17 | INFO     | analysis.signals:monitor_and_trade:494 - ⏳ GRAVITY2: Чекаємо перепроданості для LONG
2025-11-07 22:14:17 | INFO     | analysis.signals:monitor_and_trade:495 -    RSI: 88.50 / 30 (потрібно <= 30)
2025-11-07 22:14:21 | DEBUG    | trading.signal_handler:_get_session:212 - SignalHandler session created
2025-11-07 22:14:22 | DEBUG    | trading.signal_handler:close:231 - TakeProfit helper closed
2025-11-07 22:14:22 | INFO     | analysis.signals:monitor_and_trade:494 - ⏳ GRAVITY2: Чекаємо перепроданості для LONG
2025-11-07 22:14:22 | INFO     | analysis.signals:monitor_and_trade:495 -    RSI: 88.42 / 30 (потрібно <= 30)
2025-11-07 22:14:26 | DEBUG    | trading.signal_handler:_get_session:212 - SignalHandler session created
2025-11-07 22:14:27 | DEBUG    | trading.signal_handler:close:231 - TakeProfit helper closed
2025-11-07 22:14:27 | INFO     | analysis.signals:monitor_and_trade:494 - ⏳ GRAVITY2: Чекаємо перепроданості для LONG
2025-11-07 22:14:27 | INFO     | analysis.signals:monitor_and_trade:495 -    RSI: 88.54 / 30 (потрібно <= 30)
2025-11-07 22:14:31 | DEBUG    | trading.signal_handler:_get_session:212 - SignalHandler session created
2025-11-07 22:14:31 | DEBUG    | trading.signal_handler:close:231 - TakeProfit helper closed
2025-11-07 22:14:32 | INFO     | analysis.signals:monitor_and_trade:494 - ⏳ GRAVITY2: Чекаємо перепроданості для LONG
2025-11-07 22:14:32 | INFO     | analysis.signals:monitor_and_trade:495 -    RSI: 88.59 / 30 (потрібно <= 30)
2025-11-07 22:14:33 | INFO     | analysis.signals:monitor_and_trade:494 - ⏳ GRAVITY2: Чекаємо перепроданості для LONG
2025-11-07 22:14:33 | INFO     | analysis.signals:monitor_and_trade:495 -    RSI: 88.59 / 30 (потрібно <= 30)
2025-11-07 22:14:37 | DEBUG    | trading.signal_handler:_get_session:212 - SignalHandler session created
2025-11-07 22:14:38 | DEBUG    | trading.signal_handler:close:231 - TakeProfit helper closed
2025-11-07 22:14:38 | INFO     | analysis.signals:monitor_and_trade:494 - ⏳ GRAVITY2: Чекаємо перепроданості для LONG
2025-11-07 22:14:38 | INFO     | analysis.signals:monitor_and_trade:495 -    RSI: 88.77 / 30 (потрібно <= 30)
2025-11-07 22:14:39 | INFO     | analysis.signals:monitor_and_trade:494 - ⏳ GRAVITY2: Чекаємо перепроданості для LONG
2025-11-07 22:14:39 | INFO     | analysis.signals:monitor_and_trade:495 -    RSI: 88.77 / 30 (потрібно <= 30)
2025-11-07 22:14:44 | DEBUG    | trading.signal_handler:_get_session:212 - SignalHandler session created
2025-11-07 22:14:44 | DEBUG    | trading.signal_handler:close:231 - TakeProfit helper closed
2025-11-07 22:14:45 | INFO     | analysis.signals:monitor_and_trade:494 - ⏳ GRAVITY2: Чекаємо перепроданості для LONG
2025-11-07 22:14:45 | INFO     | analysis.signals:monitor_and_trade:495 -    RSI: 88.65 / 30 (потрібно <= 30)
2025-11-07 22:14:49 | DEBUG    | trading.signal_handler:_get_session:212 - SignalHandler session created
2025-11-07 22:14:49 | DEBUG    | trading.signal_handler:close:231 - TakeProfit helper closed
2025-11-07 22:14:49 | INFO     | analysis.signals:monitor_and_trade:494 - ⏳ GRAVITY2: Чекаємо перепроданості для LONG
2025-11-07 22:14:49 | INFO     | analysis.signals:monitor_and_trade:495 -    RSI: 88.65 / 30 (потрібно <= 30)
2025-11-07 22:14:51 | INFO     | analysis.signals:monitor_and_trade:494 - ⏳ GRAVITY2: Чекаємо перепроданості для LONG
2025-11-07 22:14:51 | INFO     | analysis.signals:monitor_and_trade:495 -    RSI: 88.65 / 30 (потрібно <= 30)
2025-11-07 22:14:56 | DEBUG    | trading.signal_handler:_get_session:212 - SignalHandler session created
2025-11-07 22:14:56 | DEBUG    | trading.signal_handler:close:231 - TakeProfit helper closed
2025-11-07 22:14:56 | INFO     | analysis.signals:monitor_and_trade:494 - ⏳ GRAVITY2: Чекаємо перепроданості для LONG
2025-11-07 22:14:56 | INFO     | analysis.signals:monitor_and_trade:495 -    RSI: 88.77 / 30 (потрібно <= 30)
2025-11-07 22:15:00 | DEBUG    | trading.signal_handler:_get_session:212 - SignalHandler session created
2025-11-07 22:15:00 | DEBUG    | trading.signal_handler:close:231 - TakeProfit helper closed
2025-11-07 22:15:00 | INFO     | analysis.signals:monitor_and_trade:494 - ⏳ GRAVITY2: Чекаємо перепроданості для LONG
2025-11-07 22:15:00 | INFO     | analysis.signals:monitor_and_trade:495 -    RSI: 88.56 / 30 (потрібно <= 30)
2025-11-07 22:15:02 | INFO     | analysis.signals:monitor_and_trade:494 - ⏳ GRAVITY2: Чекаємо перепроданості для LONG
2025-11-07 22:15:02 | INFO     | analysis.signals:monitor_and_trade:495 -    RSI: 88.56 / 30 (потрібно <= 30)
2025-11-07 22:15:06 | DEBUG    | trading.signal_handler:_get_session:212 - SignalHandler session created
2025-11-07 22:15:06 | DEBUG    | trading.signal_handler:close:231 - TakeProfit helper closed
2025-11-07 22:15:07 | INFO     | analysis.signals:monitor_and_trade:494 - ⏳ GRAVITY2: Чекаємо перепроданості для LONG
2025-11-07 22:15:07 | INFO     | analysis.signals:monitor_and_trade:495 -    RSI: 88.25 / 30 (потрібно <= 30)
2025-11-07 22:15:08 | INFO     | analysis.signals:monitor_and_trade:494 - ⏳ GRAVITY2: Чекаємо перепроданості для LONG
2025-11-07 22:15:08 | INFO     | analysis.signals:monitor_and_trade:495 -    RSI: 88.25 / 30 (потрібно <= 30)
2025-11-07 22:15:12 | DEBUG    | trading.signal_handler:_get_session:212 - SignalHandler session created
2025-11-07 22:15:13 | DEBUG    | trading.signal_handler:close:231 - TakeProfit helper closed
2025-11-07 22:15:13 | INFO     | analysis.signals:monitor_and_trade:494 - ⏳ GRAVITY2: Чекаємо перепроданості для LONG
2025-11-07 22:15:13 | INFO     | analysis.signals:monitor_and_trade:495 -    RSI: 87.74 / 30 (потрібно <= 30)
2025-11-07 22:15:15 | INFO     | analysis.signals:monitor_and_trade:494 - ⏳ GRAVITY2: Чекаємо перепроданості для LONG
2025-11-07 22:15:15 | INFO     | analysis.signals:monitor_and_trade:495 -    RSI: 87.74 / 30 (потрібно <= 30)
2025-11-07 22:15:20 | DEBUG    | trading.signal_handler:_get_session:212 - SignalHandler session created
2025-11-07 22:15:20 | DEBUG    | trading.signal_handler:close:231 - TakeProfit helper closed
2025-11-07 22:15:20 | INFO     | analysis.signals:monitor_and_trade:494 - ⏳ GRAVITY2: Чекаємо перепроданості для LONG
2025-11-07 22:15:20 | INFO     | analysis.signals:monitor_and_trade:495 -    RSI: 87.18 / 30 (потрібно <= 30)
2025-11-07 22:15:27 | DEBUG    | trading.signal_handler:_get_session:212 - SignalHandler session created
2025-11-07 22:15:27 | DEBUG    | trading.signal_handler:close:231 - TakeProfit helper closed
2025-11-07 22:15:27 | INFO     | analysis.signals:monitor_and_trade:494 - ⏳ GRAVITY2: Чекаємо перепроданості для LONG
2025-11-07 22:15:27 | INFO     | analysis.signals:monitor_and_trade:495 -    RSI: 87.13 / 30 (потрібно <= 30)
2025-11-07 22:15:32 | DEBUG    | trading.signal_handler:_get_session:212 - SignalHandler session created
2025-11-07 22:15:32 | DEBUG    | trading.signal_handler:close:231 - TakeProfit helper closed
2025-11-07 22:15:33 | INFO     | analysis.signals:monitor_and_trade:494 - ⏳ GRAVITY2: Чекаємо перепроданості для LONG
2025-11-07 22:15:33 | INFO     | analysis.signals:monitor_and_trade:495 -    RSI: 86.84 / 30 (потрібно <= 30)
2025-11-07 22:15:37 | INFO     | __main__:signal_handler:910 - Отримано сигнал 2, зупинка...
2025-11-07 22:15:37 | DEBUG    | trading.signal_handler:close:231 - TakeProfit helper closed
2025-11-07 22:15:37 | DEBUG    | trading.signal_handler:close:231 - TakeProfit helper closed
2025-11-07 22:15:37 | INFO     | analysis.signals:monitor_and_trade:873 - Моніторинг завершено: ORDIUSDT
2025-11-07 22:15:39 | INFO     | __main__:signal_handler:910 - Отримано сигнал 2, зупинка...
2025-11-07 22:15:39 | INFO     | __main__:monitor_bybit_positions:320 - monitor_bybit_positions cancelled
2025-11-07 22:15:39 | INFO     | __main__:monitor_bybit_positions:322 - monitor_bybit_positions завершено
2025-11-07 22:15:39 | DEBUG    | trading.signal_handler:_external_trade_monitor_loop:1523 - External trade monitor loop отменен
2025-11-07 22:15:39 | DEBUG    | trading.signal_handler:_external_trade_monitor_loop:1526 - External trade monitor loop завершен
2025-11-07 22:15:39 | INFO     | __main__:main:813 - Клиент Telegram отменен, graceful shutdown...
2025-11-07 22:15:39 | INFO     | __main__:main:818 - Начинается graceful shutdown...
2025-11-07 22:15:39 | INFO     | __main__:main:825 - Закрытие SignalHandler...
2025-11-07 22:15:39 | INFO     | __main__:main:832 - Закрытие TakeProfit...
2025-11-07 22:15:39 | INFO     | telegram_bot:start_bot:869 - Aiogram polling cancelled
2025-11-07 22:15:39 | INFO     | telegram_bot:start_bot:881 -  Aiogram bot stopped
