2025-12-12 16:13:11 | INFO     | __main__:main:381 -  Використовуємо сесію: bybit_strategy_session
2025-12-12 16:13:11 | INFO     | __main__:main:398 -  Слухаємо канали: [-1003193138774, -1002990245762]
2025-12-12 16:13:12 | INFO     | __main__:monitor_bybit_positions:92 - Запуск мониторинга позиций Bybit для ручных сделок
2025-12-12 16:13:12 | DEBUG    | trading.signal_handler:_get_session:236 - SignalHandler session created
2025-12-12 16:13:13 | INFO     | trading.signal_handler:_init_db:102 - Подключение к базе данных установлено
2025-12-12 16:13:14 | DEBUG    | trading.risk_manager:sync_time:39 - Time offset updated: -9695
2025-12-12 16:13:39 | INFO     | __main__:main:420 -  Підключено до каналів: [-1003193138774, -1002990245762]
2025-12-12 16:13:39 | INFO     | __main__:get_last_message_from_channel:70 - Последнее сообщение из -1003193138774: Монета: LINKUSDT, Направление: SHORT, Цена: 14,88
2025-12-12 16:13:39 | INFO     | __main__:get_last_message_from_channel:70 - Последнее сообщение из -1002990245762: Монета: ICNTUSDT, Направление: SHORT, Цена: 0,3735
2025-12-12 16:13:39 | INFO     | analysis.signals:show_rsi_for_pairs:180 - 📊 ═══════════ ПОТОЧНИЙ RSI ═══════════
2025-12-12 16:13:40 | INFO     | trading.signal_handler:_init_db:102 - Подключение к базе данных установлено
2025-12-12 16:13:40 | INFO     | trading.signal_handler:_get_rsi_settings_db:134 - Читаю RSI настройки з БД...
2025-12-12 16:13:41 | INFO     | trading.signal_handler:_get_rsi_settings_db:140 - Сирі дані з БД: row=<Record rsi_low='40' rsi_high='60' rsi_period=None rsi_interval=None>
2025-12-12 16:13:41 | INFO     | trading.signal_handler:_get_rsi_settings_db:169 - RSI настройки з БД отримано: {'rsi_low': 40.0, 'rsi_high': 60.0, 'rsi_period': None, 'rsi_interval': None}
2025-12-12 16:13:41 | INFO     | analysis.signals:show_rsi_for_pairs:210 -    BTCUSDT: RSI=43.92 ⚪ НЕЙТРАЛЬНА ЗОНА
2025-12-12 16:13:41 | INFO     | analysis.signals:show_rsi_for_pairs:210 -    ETHUSDT: RSI=43.11 ⚪ НЕЙТРАЛЬНА ЗОНА
2025-12-12 16:13:42 | INFO     | __main__:signal_handler:914 - Отримано сигнал 2, зупинка...
2025-12-12 16:13:42 | INFO     | __main__:monitor_bybit_positions:370 - monitor_bybit_positions cancelled
2025-12-12 16:13:42 | INFO     | __main__:monitor_bybit_positions:372 - monitor_bybit_positions завершено
2025-12-12 16:13:42 | DEBUG    | trading.signal_handler:close:255 - TakeProfit helper closed
2025-12-12 16:13:42 | INFO     | trading.signal_handler:close:266 - Database connection closed
