2025-12-11 22:41:43 | INFO     | __main__:main:381 -  Використовуємо сесію: bybit_strategy_session
2025-12-11 22:41:43 | INFO     | __main__:main:398 -  Слухаємо канали: [-1003193138774, -1002990245762]
2025-12-11 22:41:44 | INFO     | __main__:monitor_bybit_positions:92 - Запуск мониторинга позиций Bybit для ручных сделок
2025-12-11 22:41:44 | DEBUG    | trading.signal_handler:_get_session:236 - SignalHandler session created
2025-12-11 22:41:44 | INFO     | trading.signal_handler:_init_db:102 - Подключение к базе данных установлено
2025-12-11 22:41:45 | DEBUG    | trading.risk_manager:sync_time:39 - Time offset updated: -8410
2025-12-11 22:41:46 | INFO     | __main__:monitor_bybit_positions:370 - monitor_bybit_positions cancelled
2025-12-11 22:41:46 | INFO     | __main__:monitor_bybit_positions:372 - monitor_bybit_positions завершено
2025-12-11 22:41:46 | ERROR    | __main__:<module>:925 - Критична помилка: The authorization key (session file) was used under two different IP addresses simultaneously, and can no longer be used. Use the same session exclusively, or use different sessions (caused by InvokeWithLayerRequest(InitConnectionRequest(GetConfigRequest)))
2025-12-11 22:41:46 | ERROR    | __main__:<module>:927 - Traceback (most recent call last):
  File "D:\Code\bybit-strategy\telegram\reader.py", line 921, in <module>
    asyncio.run(main())
  File "C:\Users\Admin\AppData\Local\Programs\Python\Python312\Lib\asyncio\runners.py", line 194, in run
    return runner.run(main)
           ^^^^^^^^^^^^^^^^
  File "C:\Users\Admin\AppData\Local\Programs\Python\Python312\Lib\asyncio\runners.py", line 118, in run
    return self._loop.run_until_complete(task)
           ^^^^^^^^^^^^^^^^^^^^^^^^^^^^^^^^^^^
  File "C:\Users\Admin\AppData\Local\Programs\Python\Python312\Lib\asyncio\base_events.py", line 687, in run_until_complete
    return future.result()
           ^^^^^^^^^^^^^^^
  File "D:\Code\bybit-strategy\telegram\reader.py", line 418, in main
    await client.start()
  File "C:\Users\Admin\AppData\Local\Programs\Python\Python312\Lib\site-packages\telethon\client\auth.py", line 135, in _start
    await self.connect()
  File "C:\Users\Admin\AppData\Local\Programs\Python\Python312\Lib\site-packages\telethon\client\telegrambaseclient.py", line 603, in connect
    await self._sender.send(functions.InvokeWithLayerRequest(LAYER, req))
telethon.errors.rpcerrorlist.AuthKeyDuplicatedError: The authorization key (session file) was used under two different IP addresses simultaneously, and can no longer be used. Use the same session exclusively, or use different sessions (caused by InvokeWithLayerRequest(InitConnectionRequest(GetConfigRequest)))

2025-12-11 22:41:57 | INFO     | __main__:main:381 -  Використовуємо сесію: bybit_strategy_session
2025-12-11 22:41:57 | INFO     | __main__:main:398 -  Слухаємо канали: [-1003193138774, -1002990245762]
2025-12-11 22:41:58 | INFO     | __main__:monitor_bybit_positions:92 - Запуск мониторинга позиций Bybit для ручных сделок
2025-12-11 22:41:58 | DEBUG    | trading.signal_handler:_get_session:236 - SignalHandler session created
2025-12-11 22:41:59 | INFO     | trading.signal_handler:_init_db:102 - Подключение к базе данных установлено
2025-12-11 22:42:00 | DEBUG    | trading.risk_manager:sync_time:39 - Time offset updated: -8411
2025-12-11 22:42:15 | INFO     | __main__:main:420 -  Підключено до каналів: [-1003193138774, -1002990245762]
2025-12-11 22:42:15 | INFO     | __main__:get_last_message_from_channel:70 - Последнее сообщение из -1003193138774: Монета: JASMYUSDT, Направление: LONG, Цена: 0,006549
2025-12-11 22:42:15 | INFO     | __main__:get_last_message_from_channel:70 - Последнее сообщение из -1002990245762: Монета: ALGOUSDT, Направление: LONG, Цена: 0,1276
2025-12-11 22:42:15 | INFO     | analysis.signals:show_rsi_for_pairs:180 - 📊 ═══════════ ПОТОЧНИЙ RSI ═══════════
2025-12-11 22:42:16 | INFO     | trading.signal_handler:_init_db:102 - Подключение к базе данных установлено
2025-12-11 22:42:16 | INFO     | trading.signal_handler:_get_rsi_settings_db:134 - Читаю RSI настройки з БД...
2025-12-11 22:42:16 | INFO     | trading.signal_handler:_get_rsi_settings_db:140 - Сирі дані з БД: row=<Record rsi_low='40' rsi_high='60' rsi_period=None rsi_interval=None>
2025-12-11 22:42:16 | INFO     | trading.signal_handler:_get_rsi_settings_db:169 - RSI настройки з БД отримано: {'rsi_low': 40.0, 'rsi_high': 60.0, 'rsi_period': None, 'rsi_interval': None}
2025-12-11 22:42:16 | INFO     | analysis.signals:show_rsi_for_pairs:210 -    BTCUSDT: RSI=64.07 🔴 ПЕРЕКУПЛЕНІСТЬ (>= 60.0)
2025-12-11 22:42:17 | INFO     | analysis.signals:show_rsi_for_pairs:210 -    ETHUSDT: RSI=61.77 🔴 ПЕРЕКУПЛЕНІСТЬ (>= 60.0)
2025-12-11 22:42:17 | INFO     | analysis.signals:show_rsi_for_pairs:210 -    BNBUSDT: RSI=59.31 ⚪ НЕЙТРАЛЬНА ЗОНА
2025-12-11 22:42:17 | INFO     | analysis.signals:show_rsi_for_pairs:210 -    SOLUSDT: RSI=67.69 🔴 ПЕРЕКУПЛЕНІСТЬ (>= 60.0)
2025-12-11 22:42:18 | INFO     | analysis.signals:show_rsi_for_pairs:210 -    XRPUSDT: RSI=62.36 🔴 ПЕРЕКУПЛЕНІСТЬ (>= 60.0)
2025-12-11 22:42:18 | DEBUG    | trading.signal_handler:close:255 - TakeProfit helper closed
2025-12-11 22:42:18 | INFO     | trading.signal_handler:close:266 - Database connection closed
2025-12-11 22:42:18 | INFO     | analysis.signals:show_rsi_for_pairs:218 - 📊 ══════════════════════════════════════
2025-12-11 22:42:18 | INFO     | trading.signal_handler:start_external_trade_monitor:2085 - External trade monitor started
2025-12-11 22:42:18 | INFO     | __main__:main:806 - Бот для настроек запущен
2025-12-11 22:42:18 | INFO     | __main__:main:814 - Запуск клієнта Telegram...
2025-12-11 22:42:18 | DEBUG    | trading.signal_handler:_get_pybit_session:2125 - PyBit session created successfully (recv_window=20000)
2025-12-11 22:42:22 | INFO     | __main__:signal_handler:914 - Отримано сигнал 2, зупинка...
2025-12-11 22:42:22 | DEBUG    | trading.signal_handler:_external_trade_monitor_loop:2510 - External trade monitor loop отменен
2025-12-11 22:42:22 | DEBUG    | trading.signal_handler:_external_trade_monitor_loop:2513 - External trade monitor loop завершен
2025-12-11 22:42:22 | INFO     | __main__:monitor_bybit_positions:370 - monitor_bybit_positions cancelled
2025-12-11 22:42:22 | INFO     | __main__:monitor_bybit_positions:372 - monitor_bybit_positions завершено
2025-12-11 22:42:22 | INFO     | __main__:main:817 - Клиент Telegram отменен, graceful shutdown...
2025-12-11 22:42:22 | INFO     | __main__:main:831 - Начинается graceful shutdown...
2025-12-11 22:42:22 | INFO     | __main__:main:837 - Закрытие SignalHandler...
2025-12-11 22:42:22 | INFO     | __main__:main:844 - Закрытие TakeProfit...
2025-12-11 22:42:22 | DEBUG    | trading.signal_handler:close:255 - TakeProfit helper closed
2025-12-11 22:42:22 | INFO     | telegram_bot:start_bot:1060 - Aiogram polling cancelled
2025-12-11 22:42:22 | INFO     | telegram_bot:start_bot:1072 -  Aiogram bot stopped
2025-12-11 22:42:22 | INFO     | trading.signal_handler:close:266 - Database connection closed
2025-12-11 22:42:22 | INFO     | __main__:main:852 - Все async ресурсы закрыты
